untitled                                                                                                                PAGE 1
                         1     ;-----------------------------DEFINIÇAÕ DE HARDWARE
                         2
  0080                   3             LED_0 EQU P0.0
  0081                   4             LED_1 EQU P0.1
  0082                   5             LED_2 EQU P0.2
  0083                   6             LED_3 EQU P0.3
  0084                   7             LED_4 EQU P0.4
  0085                   8             LED_5 EQU P0.5
  0086                   9             LED_6 EQU P0.6
  0087                  10             LED_7 EQU P0.7
                        11
                        12
                        13
                        14
                        15             ORG 0000H
                        16
                        17
0000 75A0FF             18             MOV P2,#11111111B
0003 758000             19             MOV P0,#00000000B
0006 7400               20             MOV A, #00000000B
0008 02000B             21             JMP INICIO
                        22
                        23     INICIO:
000B 20A004             24             JB P2.0, PRESS1
000E D2F0               25             SETB B.0 ;
0010 800E               26             SJMP TEST1
                        27
                        28     PRESS1:
0012 20A104             29             JB P2.1, PRESS2
0015 D2F1               30             SETB B.1
0017 8012               31             SJMP TEST2
                        32
                        33     PRESS2:
0019 20A2EF             34             JB P2.2, INICIO
001C D2F2               35             SETB B.2
001E 8016               36             SJMP TEST3
                        37
                        38     TEST1:
0020 30A0FD             39             JNB P2.0, $
0023 C2F0               40             CLR B.0
0025 04                 41             INC A
0026 0A                 42             INC R2
0027 F580               43             MOV P0, A
0029 80E0               44             SJMP INICIO
                        45
                        46     TEST2:
002B 30A1FD             47             JNB P2.1, $
002E C2F1               48             CLR B.1
0030 04                 49             INC A
0031 0B                 50             INC R3
0032 F580               51             MOV P0, A
0034 80D5               52             SJMP INICIO
                        53
                        54     TEST3:
0036 30A2FD             55             JNB P2.2, $
0039 C2F2               56             CLR B.2
003B 04                 57             INC A
003C 0C                 58             INC R4
003D F580               59             MOV P0, A
003F 80CA               60             SJMP INICIO
                        61             END
ASSEMBLY COMPLETE, NO ERRORS FOUND, NO WARNINGS


SYMBOL TABLE:
??MCU_8051_IDE . . . . . . . . . . .  N  NUMB  8051H  NOT USED
??VERSION. . . . . . . . . . . . . .  N  NUMB  0147H  NOT USED
AC . . . . . . . . . . . . . . . . .  B  ADDR  00D6H  NOT USED
ACC. . . . . . . . . . . . . . . . .  D  ADDR  00E0H  NOT USED
ACSR . . . . . . . . . . . . . . . .  D  ADDR  0097H  NOT USED
ADCF . . . . . . . . . . . . . . . .  D  ADDR  00F6H  NOT USED
ADCLK. . . . . . . . . . . . . . . .  D  ADDR  00F2H  NOT USED
ADCON. . . . . . . . . . . . . . . .  D  ADDR  00F3H  NOT USED
ADDH . . . . . . . . . . . . . . . .  D  ADDR  00F5H  NOT USED
ADDL . . . . . . . . . . . . . . . .  D  ADDR  00F4H  NOT USED
AUXR . . . . . . . . . . . . . . . .  D  ADDR  008EH  NOT USED
AUXR1. . . . . . . . . . . . . . . .  D  ADDR  00A2H  NOT USED
B. . . . . . . . . . . . . . . . . .  D  ADDR  00F0H
BDRCON . . . . . . . . . . . . . . .  D  ADDR  009BH  NOT USED
BDRCON_1 . . . . . . . . . . . . . .  D  ADDR  009CH  NOT USED
BRL. . . . . . . . . . . . . . . . .  D  ADDR  009AH  NOT USED
CCAP0H . . . . . . . . . . . . . . .  D  ADDR  00FAH  NOT USED
CCAP0L . . . . . . . . . . . . . . .  D  ADDR  00EAH  NOT USED
CCAP1H . . . . . . . . . . . . . . .  D  ADDR  00FBH  NOT USED
CCAP1L . . . . . . . . . . . . . . .  D  ADDR  00EBH  NOT USED
CCAP2H . . . . . . . . . . . . . . .  D  ADDR  00FCH  NOT USED
CCAP3H . . . . . . . . . . . . . . .  D  ADDR  00FDH  NOT USED
CCAP4H . . . . . . . . . . . . . . .  D  ADDR  00FEH  NOT USED
CCAPL2H. . . . . . . . . . . . . . .  D  ADDR  00FCH  NOT USED
CCAPL2L. . . . . . . . . . . . . . .  D  ADDR  00ECH  NOT USED
CCAPL3H. . . . . . . . . . . . . . .  D  ADDR  00FDH  NOT USED
CCAPL3L. . . . . . . . . . . . . . .  D  ADDR  00EDH  NOT USED
CCAPL4H. . . . . . . . . . . . . . .  D  ADDR  00FEH  NOT USED
CCAPL4L. . . . . . . . . . . . . . .  D  ADDR  00EEH  NOT USED
CCAPM0 . . . . . . . . . . . . . . .  D  ADDR  00DAH  NOT USED
CCAPM1 . . . . . . . . . . . . . . .  D  ADDR  00DBH  NOT USED
CCAPM2 . . . . . . . . . . . . . . .  D  ADDR  00DCH  NOT USED
CCAPM3 . . . . . . . . . . . . . . .  D  ADDR  00DDH  NOT USED
CCAPM4 . . . . . . . . . . . . . . .  D  ADDR  00DEH  NOT USED
CCF0 . . . . . . . . . . . . . . . .  B  ADDR  00D8H  NOT USED
CCF1 . . . . . . . . . . . . . . . .  B  ADDR  00D9H  NOT USED
CCF2 . . . . . . . . . . . . . . . .  B  ADDR  00DAH  NOT USED
CCF3 . . . . . . . . . . . . . . . .  B  ADDR  00DBH  NOT USED
CCF4 . . . . . . . . . . . . . . . .  B  ADDR  00DCH  NOT USED
CCON . . . . . . . . . . . . . . . .  D  ADDR  00D8H  NOT USED
CFINT. . . . . . . . . . . . . . . .  C  ADDR  0033H  NOT USED
CH . . . . . . . . . . . . . . . . .  D  ADDR  00F9H  NOT USED
CKCON. . . . . . . . . . . . . . . .  D  ADDR  008FH  NOT USED
CKCON0 . . . . . . . . . . . . . . .  D  ADDR  008FH  NOT USED
CKRL . . . . . . . . . . . . . . . .  D  ADDR  0097H  NOT USED
CKSEL. . . . . . . . . . . . . . . .  D  ADDR  0085H  NOT USED
CL . . . . . . . . . . . . . . . . .  D  ADDR  00E9H  NOT USED
CLKREG . . . . . . . . . . . . . . .  D  ADDR  008FH  NOT USED
CMOD . . . . . . . . . . . . . . . .  D  ADDR  00D9H  NOT USED
CPRL2. . . . . . . . . . . . . . . .  B  ADDR  00C8H  NOT USED
CR . . . . . . . . . . . . . . . . .  B  ADDR  00DEH  NOT USED
CT2. . . . . . . . . . . . . . . . .  B  ADDR  00C9H  NOT USED
CY . . . . . . . . . . . . . . . . .  B  ADDR  00D7H  NOT USED
DP0H . . . . . . . . . . . . . . . .  D  ADDR  0083H  NOT USED
DP0L . . . . . . . . . . . . . . . .  D  ADDR  0082H  NOT USED
DP1H . . . . . . . . . . . . . . . .  D  ADDR  0085H  NOT USED
DP1L . . . . . . . . . . . . . . . .  D  ADDR  0084H  NOT USED
DPH. . . . . . . . . . . . . . . . .  D  ADDR  0083H  NOT USED
DPL. . . . . . . . . . . . . . . . .  D  ADDR  0082H  NOT USED
EA . . . . . . . . . . . . . . . . .  B  ADDR  00AFH  NOT USED
EC . . . . . . . . . . . . . . . . .  B  ADDR  00AEH  NOT USED
EECON. . . . . . . . . . . . . . . .  D  ADDR  0096H  NOT USED
ES . . . . . . . . . . . . . . . . .  B  ADDR  00ACH  NOT USED
ET0. . . . . . . . . . . . . . . . .  B  ADDR  00A9H  NOT USED
ET1. . . . . . . . . . . . . . . . .  B  ADDR  00ABH  NOT USED
ET2. . . . . . . . . . . . . . . . .  B  ADDR  00ADH  NOT USED
EX0. . . . . . . . . . . . . . . . .  B  ADDR  00A8H  NOT USED
EX1. . . . . . . . . . . . . . . . .  B  ADDR  00AAH  NOT USED
EXEN2. . . . . . . . . . . . . . . .  B  ADDR  00CBH  NOT USED
EXF2 . . . . . . . . . . . . . . . .  B  ADDR  00CEH  NOT USED
EXTI0. . . . . . . . . . . . . . . .  C  ADDR  0003H  NOT USED
EXTI1. . . . . . . . . . . . . . . .  C  ADDR  0013H  NOT USED
F0 . . . . . . . . . . . . . . . . .  B  ADDR  00D5H  NOT USED
FE . . . . . . . . . . . . . . . . .  B  ADDR  009FH  NOT USED
IE . . . . . . . . . . . . . . . . .  D  ADDR  00A8H  NOT USED
IE0. . . . . . . . . . . . . . . . .  B  ADDR  0089H  NOT USED
IE1. . . . . . . . . . . . . . . . .  B  ADDR  008BH  NOT USED
INICIO . . . . . . . . . . . . . . .  C  ADDR  000BH
INT0 . . . . . . . . . . . . . . . .  B  ADDR  00B2H  NOT USED
INT1 . . . . . . . . . . . . . . . .  B  ADDR  00B3H  NOT USED
IP . . . . . . . . . . . . . . . . .  D  ADDR  00B8H  NOT USED
IPH. . . . . . . . . . . . . . . . .  D  ADDR  00B7H  NOT USED
IPH0 . . . . . . . . . . . . . . . .  D  ADDR  00B7H  NOT USED
IPH1 . . . . . . . . . . . . . . . .  D  ADDR  00B3H  NOT USED
IPL0 . . . . . . . . . . . . . . . .  D  ADDR  00B8H  NOT USED
IPL1 . . . . . . . . . . . . . . . .  D  ADDR  00B2H  NOT USED
IT0. . . . . . . . . . . . . . . . .  B  ADDR  0088H  NOT USED
IT1. . . . . . . . . . . . . . . . .  B  ADDR  008AH  NOT USED
KBE. . . . . . . . . . . . . . . . .  D  ADDR  009DH  NOT USED
KBF. . . . . . . . . . . . . . . . .  D  ADDR  009EH  NOT USED
KBLS . . . . . . . . . . . . . . . .  D  ADDR  009CH  NOT USED
LED_0. . . . . . . . . . . . . . . .  N  NUMB  0080H  NOT USED
LED_1. . . . . . . . . . . . . . . .  N  NUMB  0081H  NOT USED
LED_2. . . . . . . . . . . . . . . .  N  NUMB  0082H  NOT USED
LED_3. . . . . . . . . . . . . . . .  N  NUMB  0083H  NOT USED
LED_4. . . . . . . . . . . . . . . .  N  NUMB  0084H  NOT USED
LED_5. . . . . . . . . . . . . . . .  N  NUMB  0085H  NOT USED
LED_6. . . . . . . . . . . . . . . .  N  NUMB  0086H  NOT USED
LED_7. . . . . . . . . . . . . . . .  N  NUMB  0087H  NOT USED
OSCCON . . . . . . . . . . . . . . .  D  ADDR  0086H  NOT USED
OV . . . . . . . . . . . . . . . . .  B  ADDR  00D2H  NOT USED
P. . . . . . . . . . . . . . . . . .  B  ADDR  00D0H  NOT USED
P0 . . . . . . . . . . . . . . . . .  D  ADDR  0080H
P1 . . . . . . . . . . . . . . . . .  D  ADDR  0090H  NOT USED
P1M1 . . . . . . . . . . . . . . . .  D  ADDR  00D4H  NOT USED
P1M2 . . . . . . . . . . . . . . . .  D  ADDR  00E2H  NOT USED
P2 . . . . . . . . . . . . . . . . .  D  ADDR  00A0H
P3 . . . . . . . . . . . . . . . . .  D  ADDR  00B0H  NOT USED
P3M1 . . . . . . . . . . . . . . . .  D  ADDR  00D5H  NOT USED
P3M2 . . . . . . . . . . . . . . . .  D  ADDR  00E3H  NOT USED
P4 . . . . . . . . . . . . . . . . .  D  ADDR  00C0H  NOT USED
P4M1 . . . . . . . . . . . . . . . .  D  ADDR  00D6H  NOT USED
P4M2 . . . . . . . . . . . . . . . .  D  ADDR  00E4H  NOT USED
P5 . . . . . . . . . . . . . . . . .  D  ADDR  00E8H  NOT USED
PC . . . . . . . . . . . . . . . . .  B  ADDR  00BEH  NOT USED
PCON . . . . . . . . . . . . . . . .  D  ADDR  0087H  NOT USED
PPCL . . . . . . . . . . . . . . . .  B  ADDR  00BEH  NOT USED
PRESS1 . . . . . . . . . . . . . . .  C  ADDR  0012H
PRESS2 . . . . . . . . . . . . . . .  C  ADDR  0019H
PS . . . . . . . . . . . . . . . . .  B  ADDR  00BCH  NOT USED
PSL. . . . . . . . . . . . . . . . .  B  ADDR  00BCH  NOT USED
PSW. . . . . . . . . . . . . . . . .  D  ADDR  00D0H  NOT USED
PT0. . . . . . . . . . . . . . . . .  B  ADDR  00B9H  NOT USED
PT0L . . . . . . . . . . . . . . . .  B  ADDR  00B9H  NOT USED
PT1. . . . . . . . . . . . . . . . .  B  ADDR  00BBH  NOT USED
PT1L . . . . . . . . . . . . . . . .  B  ADDR  00BBH  NOT USED
PT2. . . . . . . . . . . . . . . . .  B  ADDR  00BDH  NOT USED
PT2L . . . . . . . . . . . . . . . .  B  ADDR  00BDH  NOT USED
PX0. . . . . . . . . . . . . . . . .  B  ADDR  00B8H  NOT USED
PX0L . . . . . . . . . . . . . . . .  B  ADDR  00B8H  NOT USED
PX1. . . . . . . . . . . . . . . . .  B  ADDR  00BAH  NOT USED
PX1L . . . . . . . . . . . . . . . .  B  ADDR  00BAH  NOT USED
RB8. . . . . . . . . . . . . . . . .  B  ADDR  009AH  NOT USED
RCAP2H . . . . . . . . . . . . . . .  D  ADDR  00CBH  NOT USED
RCAP2L . . . . . . . . . . . . . . .  D  ADDR  00CAH  NOT USED
RCLK . . . . . . . . . . . . . . . .  B  ADDR  00CDH  NOT USED
RD . . . . . . . . . . . . . . . . .  B  ADDR  00B7H  NOT USED
REN. . . . . . . . . . . . . . . . .  B  ADDR  009CH  NOT USED
RESET. . . . . . . . . . . . . . . .  C  ADDR  0000H  NOT USED
RI . . . . . . . . . . . . . . . . .  B  ADDR  0098H  NOT USED
RS0. . . . . . . . . . . . . . . . .  B  ADDR  00D3H  NOT USED
RS1. . . . . . . . . . . . . . . . .  B  ADDR  00D4H  NOT USED
RXD. . . . . . . . . . . . . . . . .  B  ADDR  00B0H  NOT USED
SADDR. . . . . . . . . . . . . . . .  D  ADDR  00A9H  NOT USED
SADDR_0. . . . . . . . . . . . . . .  D  ADDR  00A9H  NOT USED
SADDR_1. . . . . . . . . . . . . . .  D  ADDR  00AAH  NOT USED
SADEN. . . . . . . . . . . . . . . .  D  ADDR  00B9H  NOT USED
SADEN_0. . . . . . . . . . . . . . .  D  ADDR  00B9H  NOT USED
SADEN_1. . . . . . . . . . . . . . .  D  ADDR  00BAH  NOT USED
SBUF . . . . . . . . . . . . . . . .  D  ADDR  0099H  NOT USED
SCON . . . . . . . . . . . . . . . .  D  ADDR  0098H  NOT USED
SINT . . . . . . . . . . . . . . . .  C  ADDR  0023H  NOT USED
SM0. . . . . . . . . . . . . . . . .  B  ADDR  009FH  NOT USED
SM1. . . . . . . . . . . . . . . . .  B  ADDR  009EH  NOT USED
SM2. . . . . . . . . . . . . . . . .  B  ADDR  009DH  NOT USED
SP . . . . . . . . . . . . . . . . .  D  ADDR  0081H  NOT USED
SPCON. . . . . . . . . . . . . . . .  D  ADDR  00C3H  NOT USED
SPCR . . . . . . . . . . . . . . . .  D  ADDR  00D5H  NOT USED
SPDAT. . . . . . . . . . . . . . . .  D  ADDR  00C5H  NOT USED
SPDR . . . . . . . . . . . . . . . .  D  ADDR  0086H  NOT USED
SPSR . . . . . . . . . . . . . . . .  D  ADDR  00AAH  NOT USED
SPSTA. . . . . . . . . . . . . . . .  D  ADDR  00C4H  NOT USED
T0 . . . . . . . . . . . . . . . . .  B  ADDR  00B4H  NOT USED
T1 . . . . . . . . . . . . . . . . .  B  ADDR  00B5H  NOT USED
T2CON. . . . . . . . . . . . . . . .  D  ADDR  00C8H  NOT USED
T2MOD. . . . . . . . . . . . . . . .  D  ADDR  00C9H  NOT USED
TB8. . . . . . . . . . . . . . . . .  B  ADDR  009BH  NOT USED
TCLK . . . . . . . . . . . . . . . .  B  ADDR  00CCH  NOT USED
TCON . . . . . . . . . . . . . . . .  D  ADDR  0088H  NOT USED
TEST1. . . . . . . . . . . . . . . .  C  ADDR  0020H
TEST2. . . . . . . . . . . . . . . .  C  ADDR  002BH
TEST3. . . . . . . . . . . . . . . .  C  ADDR  0036H
TF0. . . . . . . . . . . . . . . . .  B  ADDR  008DH  NOT USED
TF1. . . . . . . . . . . . . . . . .  B  ADDR  008FH  NOT USED
TF2. . . . . . . . . . . . . . . . .  B  ADDR  00CFH  NOT USED
TH0. . . . . . . . . . . . . . . . .  D  ADDR  008CH  NOT USED
TH1. . . . . . . . . . . . . . . . .  D  ADDR  008DH  NOT USED
TH2. . . . . . . . . . . . . . . . .  D  ADDR  00CDH  NOT USED
TI . . . . . . . . . . . . . . . . .  B  ADDR  0099H  NOT USED
TIMER0 . . . . . . . . . . . . . . .  C  ADDR  000BH  NOT USED
TIMER1 . . . . . . . . . . . . . . .  C  ADDR  001BH  NOT USED
TIMER2 . . . . . . . . . . . . . . .  C  ADDR  002BH  NOT USED
TL0. . . . . . . . . . . . . . . . .  D  ADDR  008AH  NOT USED
TL1. . . . . . . . . . . . . . . . .  D  ADDR  008BH  NOT USED
TL2. . . . . . . . . . . . . . . . .  D  ADDR  00CCH  NOT USED
TMOD . . . . . . . . . . . . . . . .  D  ADDR  0089H  NOT USED
TR0. . . . . . . . . . . . . . . . .  B  ADDR  008CH  NOT USED
TR1. . . . . . . . . . . . . . . . .  B  ADDR  008EH  NOT USED
TR2. . . . . . . . . . . . . . . . .  B  ADDR  00CAH  NOT USED
TXD. . . . . . . . . . . . . . . . .  B  ADDR  00B1H  NOT USED
WDTCON . . . . . . . . . . . . . . .  D  ADDR  00A7H  NOT USED
WDTPRG . . . . . . . . . . . . . . .  D  ADDR  00A7H  NOT USED
WDTRST . . . . . . . . . . . . . . .  D  ADDR  00A6H  NOT USED
WR . . . . . . . . . . . . . . . . .  B  ADDR  00B6H  NOT USED